<?xml version="1.0" encoding="UTF-8"?>
<testng-results skipped="0" failed="0" ignored="0" total="1" passed="1">
  <reporter-output>
  </reporter-output>
  <suite name="Default suite" duration-ms="6915" started-at="2018-07-12T06:02:20Z" finished-at="2018-07-12T06:02:27Z">
    <groups>
    </groups>
    <test name="Default test" duration-ms="6915" started-at="2018-07-12T06:02:20Z" finished-at="2018-07-12T06:02:27Z">
      <class name="Testngpack.Testngclass">
        <test-method status="PASS" signature="verifyHomepageTitle()[pri:0, instance:Testngpack.Testngclass@1563da5]" name="verifyHomepageTitle" duration-ms="6896" started-at="2018-07-12T06:02:20Z" finished-at="2018-07-12T06:02:27Z">
          <reporter-output>
          </reporter-output>
        </test-method> <!-- verifyHomepageTitle -->
      </class> <!-- Testngpack.Testngclass -->
    </test> <!-- Default test -->
  </suite> <!-- Default suite -->
</testng-results>
